<?xml version="1.0" encoding="UTF-8"?>
<testsuite name="Cucumber" time="186.99" tests="6" skipped="0" failures="0" errors="0">
<testcase classname="User Login" name="Successful login with valid credentials" time="54.039">
<system-out><![CDATA[
Given User is on the login page.............................................passed
When User enters valid username and password................................passed
And clicks on the login button..............................................passed
Then User should be redirected to the homepage..............................passed
And a welcome message should be displayed...................................passed
]]></system-out>
</testcase>
<testcase classname="User Login" name="Login with invalid credentials" time="41.652">
<system-out><![CDATA[
Given User is on the login page.............................................passed
When User enters invalid username and password..............................passed
And clicks on the login button..............................................passed
Then An error message should be displayed...................................passed
]]></system-out>
</testcase>
<testcase classname="User Login" name="Login with empty fields" time="15.645">
<system-out><![CDATA[
Given User is on the login page.............................................passed
When User clicks on the login button without entering credentials...........passed
Then Validation messages should be displayed for required fields............passed
]]></system-out>
</testcase>
<testcase classname="Product Search and Browsing" name="Search for a product by name" time="16.992">
<system-out><![CDATA[
Given User is on the homepage...............................................passed
When User searches for Laptop...............................................passed
Then Relevant products should be displayed..................................passed
]]></system-out>
</testcase>
<testcase classname="Product Search and Browsing" name="Filter products by category" time="29.505">
<system-out><![CDATA[
Given User is on the product listing page...................................passed
When User applies filter Electronics........................................passed
Then Only electronic products should be displayed...........................passed
]]></system-out>
</testcase>
<testcase classname="Product Search and Browsing" name="Sort products by price" time="26.853">
<system-out><![CDATA[
Given User is on the product listing page...................................passed
When User sorts products by Price Low to High...............................passed
Then Products should be displayed in ascending order of price...............passed
]]></system-out>
</testcase>
</testsuite>
